\BOOKMARK [0][-]{chapter*.1}{Abstract}{}% 1
\BOOKMARK [0][-]{chapter.1}{Introduction}{}% 2
\BOOKMARK [1][-]{subsection.1.0.1}{Contributions}{chapter.1}% 3
\BOOKMARK [2][-]{subsection.1.0.2}{Thesis Outline}{subsection.1.0.1}% 4
\BOOKMARK [0][-]{chapter.2}{Background and Related Work}{}% 5
\BOOKMARK [1][-]{section.2.1}{Twitter}{chapter.2}% 6
\BOOKMARK [2][-]{subsection.2.1.1}{Retweet}{section.2.1}% 7
\BOOKMARK [2][-]{subsection.2.1.2}{Mentions}{section.2.1}% 8
\BOOKMARK [2][-]{subsection.2.1.3}{Hashtags}{section.2.1}% 9
\BOOKMARK [2][-]{subsection.2.1.4}{Favorite}{section.2.1}% 10
\BOOKMARK [2][-]{subsection.2.1.5}{Verified User}{section.2.1}% 11
\BOOKMARK [2][-]{subsection.2.1.6}{Followers}{section.2.1}% 12
\BOOKMARK [2][-]{subsection.2.1.7}{Following}{section.2.1}% 13
\BOOKMARK [2][-]{subsection.2.1.8}{Twitter API}{section.2.1}% 14
\BOOKMARK [1][-]{section.2.2}{Credibility of Tweets}{chapter.2}% 15
\BOOKMARK [1][-]{section.2.3}{Definition of Rumor}{chapter.2}% 16
\BOOKMARK [2][-]{subsection.2.3.1}{Rumor Event}{section.2.3}% 17
\BOOKMARK [2][-]{subsection.2.3.2}{Time Period of an Event}{section.2.3}% 18
\BOOKMARK [1][-]{section.2.4}{Machine learning}{chapter.2}% 19
\BOOKMARK [2][-]{subsection.2.4.1}{Machine learning Overview}{section.2.4}% 20
\BOOKMARK [2][-]{subsection.2.4.2}{Decision tree}{section.2.4}% 21
\BOOKMARK [2][-]{subsection.2.4.3}{Random Forest \(RF\)}{section.2.4}% 22
\BOOKMARK [2][-]{subsection.2.4.4}{Recurrent neural network}{section.2.4}% 23
\BOOKMARK [1][-]{section.2.5}{Spark}{chapter.2}% 24
\BOOKMARK [1][-]{section.2.6}{tensorflow}{chapter.2}% 25
\BOOKMARK [1][-]{section.2.7}{LM fitting}{chapter.2}% 26
\BOOKMARK [1][-]{section.2.8}{Related Work}{chapter.2}% 27
\BOOKMARK [0][-]{chapter.3}{Data Collection}{}% 28
\BOOKMARK [0][-]{chapter.4}{Single Tweet's Creditability Scoring Model}{}% 29
\BOOKMARK [1][-]{section.4.1}{Single Tweet's Creditability Model with handcrafted features}{chapter.4}% 30
\BOOKMARK [2][-]{subsection.4.1.1}{Features}{section.4.1}% 31
\BOOKMARK [2][-]{subsection.4.1.2}{Classification Methods}{section.4.1}% 32
\BOOKMARK [1][-]{section.4.2}{Single Tweet's Creditability Model without handcrafted features}{chapter.4}% 33
\BOOKMARK [2][-]{subsection.4.2.1}{Data preparing}{section.4.2}% 34
\BOOKMARK [2][-]{subsection.4.2.2}{First Layer: Embedding Layer}{section.4.2}% 35
\BOOKMARK [2][-]{subsection.4.2.3}{Hidden Layer: GRU and LSTM}{section.4.2}% 36
\BOOKMARK [0][-]{chapter.5}{Time Seriers Rumor Detection Model}{}% 37
\BOOKMARK [1][-]{section.5.1}{Dynamic Series-Time Structure \(DSTS\)}{chapter.5}% 38
\BOOKMARK [2][-]{subsection.5.1.1}{Time Stamps Generation}{section.5.1}% 39
\BOOKMARK [2][-]{subsection.5.1.2}{Dynamic Series-Time Structure \(DSTS\)}{section.5.1}% 40
\BOOKMARK [2][-]{subsection.5.1.3}{Features}{section.5.1}% 41
\BOOKMARK [0][-]{table.caption.32}{Bibliography}{}% 42
\BOOKMARK [0][-]{table.caption.32}{List of Figures}{}% 43
\BOOKMARK [0][-]{table.caption.32}{List of Tables}{}% 44
